{"/Users/invictus/Desktop/Funsies/Resume/ResumeArchitect/src/components/ErrorBoundary.tsx": {"path":"/Users/invictus/Desktop/Funsies/Resume/ResumeArchitect/src/components/ErrorBoundary.tsx","statementMap":{"0":{"start":{"line":1,"column":0},"end":{"line":1,"column":63}},"1":{"start":{"line":2,"column":0},"end":{"line":2,"column":56}},"2":{"start":{"line":18,"column":9},"end":{"line":22,"column":null}},"3":{"start":{"line":36,"column":10},"end":{"line":41,"column":null}},"4":{"start":{"line":37,"column":4},"end":{"line":37,"column":69}},"5":{"start":{"line":38,"column":4},"end":{"line":40,"column":5}},"6":{"start":{"line":39,"column":6},"end":{"line":39,"column":27}},"7":{"start":{"line":25,"column":4},"end":{"line":25,"column":37}},"8":{"start":{"line":29,"column":4},"end":{"line":29,"column":33}},"9":{"start":{"line":30,"column":4},"end":{"line":30,"column":55}},"10":{"start":{"line":44,"column":4},"end":{"line":86,"column":5}},"11":{"start":{"line":46,"column":6},"end":{"line":48,"column":7}},"12":{"start":{"line":47,"column":8},"end":{"line":47,"column":35}},"13":{"start":{"line":51,"column":6},"end":{"line":85,"column":8}},"14":{"start":{"line":88,"column":4},"end":{"line":88,"column":31}},"15":{"start":{"line":92,"column":0},"end":{"line":92,"column":29}}},"fnMap":{"0":{"name":"(anonymous_6)","decl":{"start":{"line":17,"column":0},"end":{"line":17,"column":6}},"loc":{"start":{"line":17,"column":0},"end":{"line":90,"column":1}}},"1":{"name":"(anonymous_7)","decl":{"start":{"line":36,"column":24},"end":{"line":36,"column":27}},"loc":{"start":{"line":36,"column":29},"end":{"line":41,"column":3}}},"2":{"name":"(anonymous_8)","decl":{"start":{"line":24,"column":9},"end":{"line":24,"column":15}},"loc":{"start":{"line":24,"column":53},"end":{"line":26,"column":3}}},"3":{"name":"(anonymous_9)","decl":{"start":{"line":28,"column":9},"end":{"line":28,"column":26}},"loc":{"start":{"line":28,"column":61},"end":{"line":34,"column":3}}},"4":{"name":"(anonymous_10)","decl":{"start":{"line":43,"column":9},"end":{"line":43,"column":15}},"loc":{"start":{"line":43,"column":15},"end":{"line":89,"column":3}}}},"branchMap":{"0":{"loc":{"start":{"line":38,"column":4},"end":{"line":40,"column":5}},"type":"if","locations":[{"start":{"line":38,"column":4},"end":{"line":40,"column":5}}]},"1":{"loc":{"start":{"line":44,"column":4},"end":{"line":86,"column":5}},"type":"if","locations":[{"start":{"line":44,"column":4},"end":{"line":86,"column":5}}]},"2":{"loc":{"start":{"line":46,"column":6},"end":{"line":48,"column":7}},"type":"if","locations":[{"start":{"line":46,"column":6},"end":{"line":48,"column":7}}]},"3":{"loc":{"start":{"line":56,"column":15},"end":{"line":58,"column":40}},"type":"cond-expr","locations":[{"start":{"line":57,"column":18},"end":{"line":57,"column":56}},{"start":{"line":58,"column":18},"end":{"line":58,"column":40}}]},"4":{"loc":{"start":{"line":63,"column":13},"end":{"line":63,"column":73}},"type":"binary-expr","locations":[{"start":{"line":63,"column":13},"end":{"line":63,"column":38}},{"start":{"line":63,"column":42},"end":{"line":63,"column":73}}]},"5":{"loc":{"start":{"line":74,"column":11},"end":{"line":82,"column":null}},"type":"binary-expr","locations":[{"start":{"line":74,"column":11},"end":{"line":74,"column":48}},{"start":{"line":74,"column":52},"end":{"line":74,"column":68}},{"start":{"line":75,"column":12},"end":{"line":81,"column":null}}]}},"s":{"0":1,"1":1,"2":7,"3":7,"4":0,"5":0,"6":0,"7":6,"8":3,"9":3,"10":16,"11":9,"12":3,"13":6,"14":7,"15":1},"f":{"0":8,"1":0,"2":6,"3":3,"4":16},"b":{"0":[0],"1":[9],"2":[3],"3":[3,3],"4":[6,0],"5":[6,6,6]}}
,"/Users/invictus/Desktop/Funsies/Resume/ResumeArchitect/src/components/ResumePreview.tsx": {"path":"/Users/invictus/Desktop/Funsies/Resume/ResumeArchitect/src/components/ResumePreview.tsx","statementMap":{"0":{"start":{"line":1,"column":0},"end":{"line":1,"column":72}},"1":{"start":{"line":2,"column":0},"end":{"line":2,"column":145}},"2":{"start":{"line":4,"column":0},"end":{"line":4,"column":44}},"3":{"start":{"line":12,"column":19},"end":{"line":22,"column":2}},"4":{"start":{"line":24,"column":52},"end":{"line":150,"column":1}},"5":{"start":{"line":25,"column":30},"end":{"line":25,"column":58}},"6":{"start":{"line":26,"column":28},"end":{"line":26,"column":41}},"7":{"start":{"line":27,"column":44},"end":{"line":27,"column":59}},"8":{"start":{"line":30,"column":2},"end":{"line":65,"column":25}},"9":{"start":{"line":31,"column":24},"end":{"line":45,"column":5}},"10":{"start":{"line":32,"column":6},"end":{"line":44,"column":7}},"11":{"start":{"line":34,"column":31},"end":{"line":34,"column":75}},"12":{"start":{"line":38,"column":32},"end":{"line":38,"column":40}},"13":{"start":{"line":39,"column":29},"end":{"line":39,"column":61}},"14":{"start":{"line":42,"column":29},"end":{"line":42,"column":73}},"15":{"start":{"line":43,"column":8},"end":{"line":43,"column":31}},"16":{"start":{"line":48,"column":4},"end":{"line":48,"column":18}},"17":{"start":{"line":51,"column":27},"end":{"line":51,"column":58}},"18":{"start":{"line":52,"column":4},"end":{"line":54,"column":5}},"19":{"start":{"line":53,"column":6},"end":{"line":53,"column":58}},"20":{"start":{"line":57,"column":4},"end":{"line":57,"column":51}},"21":{"start":{"line":59,"column":4},"end":{"line":64,"column":6}},"22":{"start":{"line":60,"column":6},"end":{"line":62,"column":7}},"23":{"start":{"line":61,"column":8},"end":{"line":61,"column":36}},"24":{"start":{"line":63,"column":6},"end":{"line":63,"column":56}},"25":{"start":{"line":68,"column":2},"end":{"line":70,"column":25}},"26":{"start":{"line":69,"column":4},"end":{"line":69,"column":28}},"27":{"start":{"line":72,"column":27},"end":{"line":74,"column":8}},"28":{"start":{"line":73,"column":4},"end":{"line":73,"column":28}},"29":{"start":{"line":76,"column":25},"end":{"line":93,"column":3}},"30":{"start":{"line":77,"column":4},"end":{"line":92,"column":5}},"31":{"start":{"line":79,"column":8},"end":{"line":79,"column":52}},"32":{"start":{"line":81,"column":8},"end":{"line":81,"column":54}},"33":{"start":{"line":83,"column":8},"end":{"line":83,"column":58}},"34":{"start":{"line":85,"column":8},"end":{"line":85,"column":52}},"35":{"start":{"line":87,"column":8},"end":{"line":87,"column":55}},"36":{"start":{"line":89,"column":8},"end":{"line":89,"column":54}},"37":{"start":{"line":91,"column":8},"end":{"line":91,"column":47}},"38":{"start":{"line":95,"column":2},"end":{"line":149,"column":4}},"39":{"start":{"line":105,"column":29},"end":{"line":105,"column":73}},"40":{"start":{"line":105,"column":46},"end":{"line":105,"column":72}},"41":{"start":{"line":113,"column":29},"end":{"line":113,"column":73}},"42":{"start":{"line":113,"column":46},"end":{"line":113,"column":72}},"43":{"start":{"line":152,"column":0},"end":{"line":152,"column":29}}},"fnMap":{"0":{"name":"(anonymous_7)","decl":{"start":{"line":24,"column":52},"end":{"line":24,"column":53}},"loc":{"start":{"line":24,"column":89},"end":{"line":150,"column":1}}},"1":{"name":"(anonymous_8)","decl":{"start":{"line":30,"column":12},"end":{"line":30,"column":15}},"loc":{"start":{"line":30,"column":17},"end":{"line":65,"column":3}}},"2":{"name":"(anonymous_9)","decl":{"start":{"line":31,"column":24},"end":{"line":31,"column":27}},"loc":{"start":{"line":31,"column":29},"end":{"line":45,"column":5}}},"3":{"name":"(anonymous_10)","decl":{"start":{"line":59,"column":11},"end":{"line":59,"column":14}},"loc":{"start":{"line":59,"column":16},"end":{"line":64,"column":5}}},"4":{"name":"(anonymous_11)","decl":{"start":{"line":68,"column":12},"end":{"line":68,"column":15}},"loc":{"start":{"line":68,"column":17},"end":{"line":70,"column":3}}},"5":{"name":"(anonymous_12)","decl":{"start":{"line":72,"column":39},"end":{"line":72,"column":42}},"loc":{"start":{"line":72,"column":44},"end":{"line":74,"column":3}}},"6":{"name":"(anonymous_13)","decl":{"start":{"line":76,"column":25},"end":{"line":76,"column":28}},"loc":{"start":{"line":76,"column":30},"end":{"line":93,"column":3}}},"7":{"name":"(anonymous_14)","decl":{"start":{"line":105,"column":23},"end":{"line":105,"column":26}},"loc":{"start":{"line":105,"column":29},"end":{"line":105,"column":73}}},"8":{"name":"(anonymous_15)","decl":{"start":{"line":105,"column":38},"end":{"line":105,"column":42}},"loc":{"start":{"line":105,"column":46},"end":{"line":105,"column":72}}},"9":{"name":"(anonymous_16)","decl":{"start":{"line":113,"column":23},"end":{"line":113,"column":26}},"loc":{"start":{"line":113,"column":29},"end":{"line":113,"column":73}}},"10":{"name":"(anonymous_17)","decl":{"start":{"line":113,"column":38},"end":{"line":113,"column":42}},"loc":{"start":{"line":113,"column":46},"end":{"line":113,"column":72}}}},"branchMap":{"0":{"loc":{"start":{"line":32,"column":6},"end":{"line":44,"column":7}},"type":"if","locations":[{"start":{"line":32,"column":6},"end":{"line":44,"column":7}}]},"1":{"loc":{"start":{"line":52,"column":4},"end":{"line":54,"column":5}},"type":"if","locations":[{"start":{"line":52,"column":4},"end":{"line":54,"column":5}}]},"2":{"loc":{"start":{"line":60,"column":6},"end":{"line":62,"column":7}},"type":"if","locations":[{"start":{"line":60,"column":6},"end":{"line":62,"column":7}}]},"3":{"loc":{"start":{"line":77,"column":4},"end":{"line":92,"column":5}},"type":"switch","locations":[{"start":{"line":78,"column":6},"end":{"line":79,"column":52}},{"start":{"line":80,"column":6},"end":{"line":81,"column":54}},{"start":{"line":82,"column":6},"end":{"line":83,"column":58}},{"start":{"line":84,"column":6},"end":{"line":85,"column":52}},{"start":{"line":86,"column":6},"end":{"line":87,"column":55}},{"start":{"line":88,"column":6},"end":{"line":89,"column":54}},{"start":{"line":90,"column":6},"end":{"line":91,"column":47}}]}},"s":{"0":1,"1":1,"2":1,"3":1,"4":1,"5":14,"6":14,"7":14,"8":14,"9":7,"10":7,"11":7,"12":7,"13":7,"14":7,"15":7,"16":7,"17":7,"18":7,"19":7,"20":7,"21":7,"22":7,"23":0,"24":7,"25":14,"26":7,"27":14,"28":0,"29":14,"30":14,"31":4,"32":2,"33":2,"34":2,"35":2,"36":2,"37":0,"38":14,"39":0,"40":0,"41":0,"42":0,"43":1},"f":{"0":14,"1":7,"2":7,"3":7,"4":7,"5":0,"6":14,"7":0,"8":0,"9":0,"10":0},"b":{"0":[7],"1":[7],"2":[0],"3":[4,2,2,2,2,2,0]}}
}
