<?xml version="1.0" encoding="UTF-8"?>
<coverage generated="1747690173286" clover="3.2.0">
  <project timestamp="1747690173286" name="All files">
    <metrics statements="58" coveredstatements="50" conditionals="20" coveredconditionals="16" methods="16" coveredmethods="10" elements="94" coveredelements="76" complexity="0" loc="58" ncloc="58" packages="1" files="2" classes="2"/>
    <file name="ErrorBoundary.tsx" path="/Users/invictus/Desktop/Funsies/Resume/ResumeArchitect/src/components/ErrorBoundary.tsx">
      <metrics statements="16" coveredstatements="13" conditionals="10" coveredconditionals="8" methods="5" coveredmethods="4"/>
      <line num="1" count="1" type="stmt"/>
      <line num="2" count="1" type="stmt"/>
      <line num="18" count="7" type="stmt"/>
      <line num="25" count="6" type="stmt"/>
      <line num="29" count="3" type="stmt"/>
      <line num="30" count="3" type="stmt"/>
      <line num="36" count="7" type="stmt"/>
      <line num="37" count="0" type="stmt"/>
      <line num="38" count="0" type="cond" truecount="0" falsecount="1"/>
      <line num="39" count="0" type="stmt"/>
      <line num="44" count="16" type="cond" truecount="1" falsecount="0"/>
      <line num="46" count="9" type="cond" truecount="1" falsecount="0"/>
      <line num="47" count="3" type="stmt"/>
      <line num="51" count="6" type="stmt"/>
      <line num="88" count="7" type="stmt"/>
      <line num="92" count="1" type="stmt"/>
    </file>
    <file name="ResumePreview.tsx" path="/Users/invictus/Desktop/Funsies/Resume/ResumeArchitect/src/components/ResumePreview.tsx">
      <metrics statements="42" coveredstatements="37" conditionals="10" coveredconditionals="8" methods="11" coveredmethods="6"/>
      <line num="1" count="1" type="stmt"/>
      <line num="2" count="1" type="stmt"/>
      <line num="4" count="1" type="stmt"/>
      <line num="12" count="1" type="stmt"/>
      <line num="24" count="1" type="stmt"/>
      <line num="25" count="14" type="stmt"/>
      <line num="26" count="14" type="stmt"/>
      <line num="27" count="14" type="stmt"/>
      <line num="30" count="14" type="stmt"/>
      <line num="31" count="7" type="stmt"/>
      <line num="32" count="7" type="cond" truecount="1" falsecount="0"/>
      <line num="34" count="7" type="stmt"/>
      <line num="38" count="7" type="stmt"/>
      <line num="39" count="7" type="stmt"/>
      <line num="42" count="7" type="stmt"/>
      <line num="43" count="7" type="stmt"/>
      <line num="48" count="7" type="stmt"/>
      <line num="51" count="7" type="stmt"/>
      <line num="52" count="7" type="cond" truecount="1" falsecount="0"/>
      <line num="53" count="7" type="stmt"/>
      <line num="57" count="7" type="stmt"/>
      <line num="59" count="7" type="stmt"/>
      <line num="60" count="7" type="cond" truecount="0" falsecount="1"/>
      <line num="61" count="0" type="stmt"/>
      <line num="63" count="7" type="stmt"/>
      <line num="68" count="14" type="stmt"/>
      <line num="69" count="7" type="stmt"/>
      <line num="72" count="14" type="stmt"/>
      <line num="73" count="0" type="stmt"/>
      <line num="76" count="14" type="stmt"/>
      <line num="77" count="14" type="cond" truecount="6" falsecount="1"/>
      <line num="79" count="4" type="stmt"/>
      <line num="81" count="2" type="stmt"/>
      <line num="83" count="2" type="stmt"/>
      <line num="85" count="2" type="stmt"/>
      <line num="87" count="2" type="stmt"/>
      <line num="89" count="2" type="stmt"/>
      <line num="91" count="0" type="stmt"/>
      <line num="95" count="14" type="stmt"/>
      <line num="105" count="0" type="stmt"/>
      <line num="113" count="0" type="stmt"/>
      <line num="152" count="1" type="stmt"/>
    </file>
  </project>
</coverage>
