TN:
SF:src/components/ErrorBoundary.tsx
FN:17,(anonymous_6)
FN:36,(anonymous_7)
FN:24,(anonymous_8)
FN:28,(anonymous_9)
FN:43,(anonymous_10)
FNF:5
FNH:4
FNDA:8,(anonymous_6)
FNDA:0,(anonymous_7)
FNDA:6,(anonymous_8)
FNDA:3,(anonymous_9)
FNDA:16,(anonymous_10)
DA:1,1
DA:2,1
DA:18,7
DA:25,6
DA:29,3
DA:30,3
DA:36,7
DA:37,0
DA:38,0
DA:39,0
DA:44,16
DA:46,9
DA:47,3
DA:51,6
DA:88,7
DA:92,1
LF:16
LH:13
BRDA:38,0,0,0
BRDA:44,1,0,9
BRDA:46,2,0,3
BRDA:56,3,0,3
BRDA:56,3,1,3
BRDA:63,4,0,6
BRDA:63,4,1,0
BRDA:74,5,0,6
BRDA:74,5,1,6
BRDA:74,5,2,6
BRF:10
BRH:8
end_of_record
TN:
SF:src/components/ResumePreview.tsx
FN:24,(anonymous_7)
FN:30,(anonymous_8)
FN:31,(anonymous_9)
FN:59,(anonymous_10)
FN:68,(anonymous_11)
FN:72,(anonymous_12)
FN:76,(anonymous_13)
FN:105,(anonymous_14)
FN:105,(anonymous_15)
FN:113,(anonymous_16)
FN:113,(anonymous_17)
FNF:11
FNH:6
FNDA:14,(anonymous_7)
FNDA:7,(anonymous_8)
FNDA:7,(anonymous_9)
FNDA:7,(anonymous_10)
FNDA:7,(anonymous_11)
FNDA:0,(anonymous_12)
FNDA:14,(anonymous_13)
FNDA:0,(anonymous_14)
FNDA:0,(anonymous_15)
FNDA:0,(anonymous_16)
FNDA:0,(anonymous_17)
DA:1,1
DA:2,1
DA:4,1
DA:12,1
DA:24,1
DA:25,14
DA:26,14
DA:27,14
DA:30,14
DA:31,7
DA:32,7
DA:34,7
DA:38,7
DA:39,7
DA:42,7
DA:43,7
DA:48,7
DA:51,7
DA:52,7
DA:53,7
DA:57,7
DA:59,7
DA:60,7
DA:61,0
DA:63,7
DA:68,14
DA:69,7
DA:72,14
DA:73,0
DA:76,14
DA:77,14
DA:79,4
DA:81,2
DA:83,2
DA:85,2
DA:87,2
DA:89,2
DA:91,0
DA:95,14
DA:105,0
DA:113,0
DA:152,1
LF:42
LH:37
BRDA:32,0,0,7
BRDA:52,1,0,7
BRDA:60,2,0,0
BRDA:77,3,0,4
BRDA:77,3,1,2
BRDA:77,3,2,2
BRDA:77,3,3,2
BRDA:77,3,4,2
BRDA:77,3,5,2
BRDA:77,3,6,0
BRF:10
BRH:8
end_of_record
